<?xml version="1.0" encoding="UTF-8"?>
<!-- Generated by org.testng.reporters.JUnitReportReporter -->
<testsuite hostname="LAPTOP-1HVEMA8N" failures="0" tests="1" name="com.selenium.practice.WillisTest" time="18.835" errors="0" timestamp="2021-12-26T18:19:55 GMT" skipped="0">
  <testcase classname="com.selenium.practice.WillisTest" name="testScenario" time="18.835"/>
  <system-out/>
</testsuite> <!-- com.selenium.practice.WillisTest -->
